<?xml version="1.0" encoding="UTF-8"?>
<testsuite name="com.spring.assessment.gitjenkinsdockerrepo.GitjenkinsdockerrepoApplicationTests" tests="1" skipped="0" failures="0" errors="0" timestamp="2021-07-28T11:35:12" hostname="TOMAHAWK" time="0.277">
  <properties/>
  <testcase name="contextLoads()" classname="com.spring.assessment.gitjenkinsdockerrepo.GitjenkinsdockerrepoApplicationTests" time="0.277"/>
  <system-out><![CDATA[17:05:10.355 [Test worker] DEBUG org.springframework.test.context.BootstrapUtils - Instantiating CacheAwareContextLoaderDelegate from class [org.springframework.test.context.cache.DefaultCacheAwareContextLoaderDelegate]
17:05:10.365 [Test worker] DEBUG org.springframework.test.context.BootstrapUtils - Instantiating BootstrapContext using constructor [public org.springframework.test.context.support.DefaultBootstrapContext(java.lang.Class,org.springframework.test.context.CacheAwareContextLoaderDelegate)]
17:05:10.392 [Test worker] DEBUG org.springframework.test.context.BootstrapUtils - Instantiating TestContextBootstrapper for test class [com.spring.assessment.gitjenkinsdockerrepo.GitjenkinsdockerrepoApplicationTests] from class [org.springframework.boot.test.context.SpringBootTestContextBootstrapper]
17:05:10.400 [Test worker] INFO org.springframework.boot.test.context.SpringBootTestContextBootstrapper - Neither @ContextConfiguration nor @ContextHierarchy found for test class [com.spring.assessment.gitjenkinsdockerrepo.GitjenkinsdockerrepoApplicationTests], using SpringBootContextLoader
17:05:10.403 [Test worker] DEBUG org.springframework.test.context.support.AbstractContextLoader - Did not detect default resource location for test class [com.spring.assessment.gitjenkinsdockerrepo.GitjenkinsdockerrepoApplicationTests]: class path resource [com/spring/assessment/gitjenkinsdockerrepo/GitjenkinsdockerrepoApplicationTests-context.xml] does not exist
17:05:10.403 [Test worker] DEBUG org.springframework.test.context.support.AbstractContextLoader - Did not detect default resource location for test class [com.spring.assessment.gitjenkinsdockerrepo.GitjenkinsdockerrepoApplicationTests]: class path resource [com/spring/assessment/gitjenkinsdockerrepo/GitjenkinsdockerrepoApplicationTestsContext.groovy] does not exist
17:05:10.404 [Test worker] INFO org.springframework.test.context.support.AbstractContextLoader - Could not detect default resource locations for test class [com.spring.assessment.gitjenkinsdockerrepo.GitjenkinsdockerrepoApplicationTests]: no resource found for suffixes {-context.xml, Context.groovy}.
17:05:10.404 [Test worker] INFO org.springframework.test.context.support.AnnotationConfigContextLoaderUtils - Could not detect default configuration classes for test class [com.spring.assessment.gitjenkinsdockerrepo.GitjenkinsdockerrepoApplicationTests]: GitjenkinsdockerrepoApplicationTests does not declare any static, non-private, non-final, nested classes annotated with @Configuration.
17:05:10.434 [Test worker] DEBUG org.springframework.test.context.support.ActiveProfilesUtils - Could not find an 'annotation declaring class' for annotation type [org.springframework.test.context.ActiveProfiles] and class [com.spring.assessment.gitjenkinsdockerrepo.GitjenkinsdockerrepoApplicationTests]
17:05:10.479 [Test worker] DEBUG org.springframework.context.annotation.ClassPathScanningCandidateComponentProvider - Identified candidate component class: file [C:\workspace\gitjenkinsdockerrepo\build\classes\java\main\com\spring\assessment\gitjenkinsdockerrepo\GitjenkinsdockerrepoApplication.class]
17:05:10.480 [Test worker] INFO org.springframework.boot.test.context.SpringBootTestContextBootstrapper - Found @SpringBootConfiguration com.spring.assessment.gitjenkinsdockerrepo.GitjenkinsdockerrepoApplication for test class com.spring.assessment.gitjenkinsdockerrepo.GitjenkinsdockerrepoApplicationTests
17:05:10.564 [Test worker] DEBUG org.springframework.boot.test.context.SpringBootTestContextBootstrapper - @TestExecutionListeners is not present for class [com.spring.assessment.gitjenkinsdockerrepo.GitjenkinsdockerrepoApplicationTests]: using defaults.
17:05:10.564 [Test worker] INFO org.springframework.boot.test.context.SpringBootTestContextBootstrapper - Loaded default TestExecutionListener class names from location [META-INF/spring.factories]: [org.springframework.boot.test.autoconfigure.restdocs.RestDocsTestExecutionListener, org.springframework.boot.test.autoconfigure.web.client.MockRestServiceServerResetTestExecutionListener, org.springframework.boot.test.autoconfigure.web.servlet.MockMvcPrintOnlyOnFailureTestExecutionListener, org.springframework.boot.test.autoconfigure.web.servlet.WebDriverTestExecutionListener, org.springframework.boot.test.autoconfigure.webservices.client.MockWebServiceServerTestExecutionListener, org.springframework.boot.test.mock.mockito.MockitoTestExecutionListener, org.springframework.boot.test.mock.mockito.ResetMocksTestExecutionListener, org.springframework.test.context.web.ServletTestExecutionListener, org.springframework.test.context.support.DirtiesContextBeforeModesTestExecutionListener, org.springframework.test.context.event.ApplicationEventsTestExecutionListener, org.springframework.test.context.support.DependencyInjectionTestExecutionListener, org.springframework.test.context.support.DirtiesContextTestExecutionListener, org.springframework.test.context.transaction.TransactionalTestExecutionListener, org.springframework.test.context.jdbc.SqlScriptsTestExecutionListener, org.springframework.test.context.event.EventPublishingTestExecutionListener]
17:05:10.575 [Test worker] DEBUG org.springframework.boot.test.context.SpringBootTestContextBootstrapper - Skipping candidate TestExecutionListener [org.springframework.test.context.transaction.TransactionalTestExecutionListener] due to a missing dependency. Specify custom listener classes or make the default listener classes and their required dependencies available. Offending class: [org/springframework/transaction/interceptor/TransactionAttributeSource]
17:05:10.575 [Test worker] DEBUG org.springframework.boot.test.context.SpringBootTestContextBootstrapper - Skipping candidate TestExecutionListener [org.springframework.test.context.jdbc.SqlScriptsTestExecutionListener] due to a missing dependency. Specify custom listener classes or make the default listener classes and their required dependencies available. Offending class: [org/springframework/transaction/interceptor/TransactionAttribute]
17:05:10.575 [Test worker] INFO org.springframework.boot.test.context.SpringBootTestContextBootstrapper - Using TestExecutionListeners: [org.springframework.test.context.web.ServletTestExecutionListener@3d21300c, org.springframework.test.context.support.DirtiesContextBeforeModesTestExecutionListener@2091bc14, org.springframework.test.context.event.ApplicationEventsTestExecutionListener@49c963a2, org.springframework.boot.test.mock.mockito.MockitoTestExecutionListener@299e72b0, org.springframework.boot.test.autoconfigure.SpringBootDependencyInjectionTestExecutionListener@1d8b96df, org.springframework.test.context.support.DirtiesContextTestExecutionListener@30d7f866, org.springframework.test.context.event.EventPublishingTestExecutionListener@328159ad, org.springframework.boot.test.autoconfigure.restdocs.RestDocsTestExecutionListener@68d0b6bf, org.springframework.boot.test.autoconfigure.web.client.MockRestServiceServerResetTestExecutionListener@29acf814, org.springframework.boot.test.autoconfigure.web.servlet.MockMvcPrintOnlyOnFailureTestExecutionListener@2637318f, org.springframework.boot.test.autoconfigure.web.servlet.WebDriverTestExecutionListener@1ec348d5, org.springframework.boot.test.autoconfigure.webservices.client.MockWebServiceServerTestExecutionListener@73cb70fc, org.springframework.boot.test.mock.mockito.ResetMocksTestExecutionListener@3d695ac9]
17:05:10.582 [Test worker] DEBUG org.springframework.test.context.support.AbstractDirtiesContextTestExecutionListener - Before test class: context [DefaultTestContext@7d342321 testClass = GitjenkinsdockerrepoApplicationTests, testInstance = [null], testMethod = [null], testException = [null], mergedContextConfiguration = [WebMergedContextConfiguration@3225be03 testClass = GitjenkinsdockerrepoApplicationTests, locations = '{}', classes = '{class com.spring.assessment.gitjenkinsdockerrepo.GitjenkinsdockerrepoApplication}', contextInitializerClasses = '[]', activeProfiles = '{}', propertySourceLocations = '{}', propertySourceProperties = '{org.springframework.boot.test.context.SpringBootTestContextBootstrapper=true}', contextCustomizers = set[org.springframework.boot.test.autoconfigure.actuate.metrics.MetricsExportContextCustomizerFactory$DisableMetricExportContextCustomizer@370644b9, org.springframework.boot.test.autoconfigure.properties.PropertyMappingContextCustomizer@0, org.springframework.boot.test.autoconfigure.web.servlet.WebDriverContextCustomizerFactory$Customizer@348834cb, org.springframework.boot.test.context.filter.ExcludeFilterContextCustomizer@2adec7fa, org.springframework.boot.test.json.DuplicateJsonObjectContextCustomizerFactory$DuplicateJsonObjectContextCustomizer@513448b9, org.springframework.boot.test.mock.mockito.MockitoContextCustomizer@0, org.springframework.boot.test.web.client.TestRestTemplateContextCustomizer@6a796e33, org.springframework.boot.test.context.SpringBootTestArgs@1, org.springframework.boot.test.context.SpringBootTestWebEnvironment@381bc489], resourceBasePath = 'src/main/webapp', contextLoader = 'org.springframework.boot.test.context.SpringBootContextLoader', parent = [null]], attributes = map['org.springframework.test.context.web.ServletTestExecutionListener.activateListener' -> true]], class annotated with @DirtiesContext [false] with mode [null].
17:05:10.609 [Test worker] DEBUG org.springframework.test.context.support.TestPropertySourceUtils - Adding inlined properties to environment: {spring.jmx.enabled=false, org.springframework.boot.test.context.SpringBootTestContextBootstrapper=true}

  .   ____          _            __ _ _
 /\\ / ___'_ __ _ _(_)_ __  __ _ \ \ \ \
( ( )\___ | '_ | '_| | '_ \/ _` | \ \ \ \
 \\/  ___)| |_)| | | | | || (_| |  ) ) ) )
  '  |____| .__|_| |_|_| |_\__, | / / / /
 =========|_|==============|___/=/_/_/_/
 :: Spring Boot ::      (v2.4.10-SNAPSHOT)

2021-07-28 17:05:10.831  INFO 6112 --- [    Test worker] a.g.GitjenkinsdockerrepoApplicationTests : Starting GitjenkinsdockerrepoApplicationTests using Java 16.0.2 on TOMAHAWK with PID 6112 (started by Raman Anna in C:\workspace\gitjenkinsdockerrepo)
2021-07-28 17:05:10.833  INFO 6112 --- [    Test worker] a.g.GitjenkinsdockerrepoApplicationTests : No active profile set, falling back to default profiles: default
2021-07-28 17:05:12.003  INFO 6112 --- [    Test worker] a.g.GitjenkinsdockerrepoApplicationTests : Started GitjenkinsdockerrepoApplicationTests in 1.388 seconds (JVM running for 2.243)
]]></system-out>
  <system-err><![CDATA[]]></system-err>
</testsuite>
