<?xml version="1.0" encoding="UTF-8"?>
<testsuite name="com.spring.assessment.gitjenkinsdockerrepo.GitjenkinsdockerrepoApplicationTests" tests="1" skipped="0" failures="0" errors="0" timestamp="2021-07-28T11:56:42" hostname="TOMAHAWK" time="0.281">
  <properties/>
  <testcase name="contextLoads()" classname="com.spring.assessment.gitjenkinsdockerrepo.GitjenkinsdockerrepoApplicationTests" time="0.281"/>
  <system-out><![CDATA[17:26:41.341 [Test worker] DEBUG org.springframework.test.context.BootstrapUtils - Instantiating CacheAwareContextLoaderDelegate from class [org.springframework.test.context.cache.DefaultCacheAwareContextLoaderDelegate]
17:26:41.351 [Test worker] DEBUG org.springframework.test.context.BootstrapUtils - Instantiating BootstrapContext using constructor [public org.springframework.test.context.support.DefaultBootstrapContext(java.lang.Class,org.springframework.test.context.CacheAwareContextLoaderDelegate)]
17:26:41.377 [Test worker] DEBUG org.springframework.test.context.BootstrapUtils - Instantiating TestContextBootstrapper for test class [com.spring.assessment.gitjenkinsdockerrepo.GitjenkinsdockerrepoApplicationTests] from class [org.springframework.boot.test.context.SpringBootTestContextBootstrapper]
17:26:41.385 [Test worker] INFO org.springframework.boot.test.context.SpringBootTestContextBootstrapper - Neither @ContextConfiguration nor @ContextHierarchy found for test class [com.spring.assessment.gitjenkinsdockerrepo.GitjenkinsdockerrepoApplicationTests], using SpringBootContextLoader
17:26:41.388 [Test worker] DEBUG org.springframework.test.context.support.AbstractContextLoader - Did not detect default resource location for test class [com.spring.assessment.gitjenkinsdockerrepo.GitjenkinsdockerrepoApplicationTests]: class path resource [com/spring/assessment/gitjenkinsdockerrepo/GitjenkinsdockerrepoApplicationTests-context.xml] does not exist
17:26:41.388 [Test worker] DEBUG org.springframework.test.context.support.AbstractContextLoader - Did not detect default resource location for test class [com.spring.assessment.gitjenkinsdockerrepo.GitjenkinsdockerrepoApplicationTests]: class path resource [com/spring/assessment/gitjenkinsdockerrepo/GitjenkinsdockerrepoApplicationTestsContext.groovy] does not exist
17:26:41.388 [Test worker] INFO org.springframework.test.context.support.AbstractContextLoader - Could not detect default resource locations for test class [com.spring.assessment.gitjenkinsdockerrepo.GitjenkinsdockerrepoApplicationTests]: no resource found for suffixes {-context.xml, Context.groovy}.
17:26:41.389 [Test worker] INFO org.springframework.test.context.support.AnnotationConfigContextLoaderUtils - Could not detect default configuration classes for test class [com.spring.assessment.gitjenkinsdockerrepo.GitjenkinsdockerrepoApplicationTests]: GitjenkinsdockerrepoApplicationTests does not declare any static, non-private, non-final, nested classes annotated with @Configuration.
17:26:41.417 [Test worker] DEBUG org.springframework.test.context.support.ActiveProfilesUtils - Could not find an 'annotation declaring class' for annotation type [org.springframework.test.context.ActiveProfiles] and class [com.spring.assessment.gitjenkinsdockerrepo.GitjenkinsdockerrepoApplicationTests]
17:26:41.458 [Test worker] DEBUG org.springframework.context.annotation.ClassPathScanningCandidateComponentProvider - Identified candidate component class: file [C:\workspace\gitjenkinsdockerrepo\build\classes\java\main\com\spring\assessment\gitjenkinsdockerrepo\GitjenkinsdockerrepoApplication.class]
17:26:41.459 [Test worker] INFO org.springframework.boot.test.context.SpringBootTestContextBootstrapper - Found @SpringBootConfiguration com.spring.assessment.gitjenkinsdockerrepo.GitjenkinsdockerrepoApplication for test class com.spring.assessment.gitjenkinsdockerrepo.GitjenkinsdockerrepoApplicationTests
17:26:41.536 [Test worker] DEBUG org.springframework.boot.test.context.SpringBootTestContextBootstrapper - @TestExecutionListeners is not present for class [com.spring.assessment.gitjenkinsdockerrepo.GitjenkinsdockerrepoApplicationTests]: using defaults.
17:26:41.536 [Test worker] INFO org.springframework.boot.test.context.SpringBootTestContextBootstrapper - Loaded default TestExecutionListener class names from location [META-INF/spring.factories]: [org.springframework.boot.test.autoconfigure.restdocs.RestDocsTestExecutionListener, org.springframework.boot.test.autoconfigure.web.client.MockRestServiceServerResetTestExecutionListener, org.springframework.boot.test.autoconfigure.web.servlet.MockMvcPrintOnlyOnFailureTestExecutionListener, org.springframework.boot.test.autoconfigure.web.servlet.WebDriverTestExecutionListener, org.springframework.boot.test.autoconfigure.webservices.client.MockWebServiceServerTestExecutionListener, org.springframework.boot.test.mock.mockito.MockitoTestExecutionListener, org.springframework.boot.test.mock.mockito.ResetMocksTestExecutionListener, org.springframework.test.context.web.ServletTestExecutionListener, org.springframework.test.context.support.DirtiesContextBeforeModesTestExecutionListener, org.springframework.test.context.event.ApplicationEventsTestExecutionListener, org.springframework.test.context.support.DependencyInjectionTestExecutionListener, org.springframework.test.context.support.DirtiesContextTestExecutionListener, org.springframework.test.context.transaction.TransactionalTestExecutionListener, org.springframework.test.context.jdbc.SqlScriptsTestExecutionListener, org.springframework.test.context.event.EventPublishingTestExecutionListener]
17:26:41.546 [Test worker] DEBUG org.springframework.boot.test.context.SpringBootTestContextBootstrapper - Skipping candidate TestExecutionListener [org.springframework.test.context.transaction.TransactionalTestExecutionListener] due to a missing dependency. Specify custom listener classes or make the default listener classes and their required dependencies available. Offending class: [org/springframework/transaction/interceptor/TransactionAttributeSource]
17:26:41.546 [Test worker] DEBUG org.springframework.boot.test.context.SpringBootTestContextBootstrapper - Skipping candidate TestExecutionListener [org.springframework.test.context.jdbc.SqlScriptsTestExecutionListener] due to a missing dependency. Specify custom listener classes or make the default listener classes and their required dependencies available. Offending class: [org/springframework/transaction/interceptor/TransactionAttribute]
17:26:41.546 [Test worker] INFO org.springframework.boot.test.context.SpringBootTestContextBootstrapper - Using TestExecutionListeners: [org.springframework.test.context.web.ServletTestExecutionListener@39b22123, org.springframework.test.context.support.DirtiesContextBeforeModesTestExecutionListener@796fcb68, org.springframework.test.context.event.ApplicationEventsTestExecutionListener@5f3f1b10, org.springframework.boot.test.mock.mockito.MockitoTestExecutionListener@134cdcb7, org.springframework.boot.test.autoconfigure.SpringBootDependencyInjectionTestExecutionListener@3bdf4cc4, org.springframework.test.context.support.DirtiesContextTestExecutionListener@3c6ce45c, org.springframework.test.context.event.EventPublishingTestExecutionListener@1b2c9f5a, org.springframework.boot.test.autoconfigure.restdocs.RestDocsTestExecutionListener@6e7041ec, org.springframework.boot.test.autoconfigure.web.client.MockRestServiceServerResetTestExecutionListener@2f88998a, org.springframework.boot.test.autoconfigure.web.servlet.MockMvcPrintOnlyOnFailureTestExecutionListener@749dd623, org.springframework.boot.test.autoconfigure.web.servlet.WebDriverTestExecutionListener@bb441a5, org.springframework.boot.test.autoconfigure.webservices.client.MockWebServiceServerTestExecutionListener@67270e1e, org.springframework.boot.test.mock.mockito.ResetMocksTestExecutionListener@c088fb9]
17:26:41.553 [Test worker] DEBUG org.springframework.test.context.support.AbstractDirtiesContextTestExecutionListener - Before test class: context [DefaultTestContext@120ce673 testClass = GitjenkinsdockerrepoApplicationTests, testInstance = [null], testMethod = [null], testException = [null], mergedContextConfiguration = [WebMergedContextConfiguration@7b497138 testClass = GitjenkinsdockerrepoApplicationTests, locations = '{}', classes = '{class com.spring.assessment.gitjenkinsdockerrepo.GitjenkinsdockerrepoApplication}', contextInitializerClasses = '[]', activeProfiles = '{}', propertySourceLocations = '{}', propertySourceProperties = '{org.springframework.boot.test.context.SpringBootTestContextBootstrapper=true}', contextCustomizers = set[org.springframework.boot.test.autoconfigure.actuate.metrics.MetricsExportContextCustomizerFactory$DisableMetricExportContextCustomizer@755d2345, org.springframework.boot.test.autoconfigure.properties.PropertyMappingContextCustomizer@0, org.springframework.boot.test.autoconfigure.web.servlet.WebDriverContextCustomizerFactory$Customizer@12ede08f, org.springframework.boot.test.context.filter.ExcludeFilterContextCustomizer@2ac83aba, org.springframework.boot.test.json.DuplicateJsonObjectContextCustomizerFactory$DuplicateJsonObjectContextCustomizer@50bbbe26, org.springframework.boot.test.mock.mockito.MockitoContextCustomizer@0, org.springframework.boot.test.web.client.TestRestTemplateContextCustomizer@68ec6809, org.springframework.boot.test.context.SpringBootTestArgs@1, org.springframework.boot.test.context.SpringBootTestWebEnvironment@459c1a8d], resourceBasePath = 'src/main/webapp', contextLoader = 'org.springframework.boot.test.context.SpringBootContextLoader', parent = [null]], attributes = map['org.springframework.test.context.web.ServletTestExecutionListener.activateListener' -> true]], class annotated with @DirtiesContext [false] with mode [null].
17:26:41.579 [Test worker] DEBUG org.springframework.test.context.support.TestPropertySourceUtils - Adding inlined properties to environment: {spring.jmx.enabled=false, org.springframework.boot.test.context.SpringBootTestContextBootstrapper=true}

  .   ____          _            __ _ _
 /\\ / ___'_ __ _ _(_)_ __  __ _ \ \ \ \
( ( )\___ | '_ | '_| | '_ \/ _` | \ \ \ \
 \\/  ___)| |_)| | | | | || (_| |  ) ) ) )
  '  |____| .__|_| |_|_| |_\__, | / / / /
 =========|_|==============|___/=/_/_/_/
 :: Spring Boot ::      (v2.4.10-SNAPSHOT)

2021-07-28 17:26:41.798  INFO 1476 --- [    Test worker] a.g.GitjenkinsdockerrepoApplicationTests : Starting GitjenkinsdockerrepoApplicationTests using Java 16.0.2 on TOMAHAWK with PID 1476 (started by Raman Anna in C:\workspace\gitjenkinsdockerrepo)
2021-07-28 17:26:41.799  INFO 1476 --- [    Test worker] a.g.GitjenkinsdockerrepoApplicationTests : No active profile set, falling back to default profiles: default
2021-07-28 17:26:42.956  INFO 1476 --- [    Test worker] a.g.GitjenkinsdockerrepoApplicationTests : Started GitjenkinsdockerrepoApplicationTests in 1.371 seconds (JVM running for 2.213)
]]></system-out>
  <system-err><![CDATA[]]></system-err>
</testsuite>
